<?xml version="1.0" encoding="UTF-8"?>
<testsuite xmlns:xsi="http://www.w3.org/2001/XMLSchema-instance" xsi:noNamespaceSchemaLocation="https://maven.apache.org/surefire/maven-surefire-plugin/xsd/surefire-test-report-3.0.xsd" version="3.0" name="com.example.FeetMeasurementTest" time="0.13" tests="5" errors="0" skipped="0" failures="0">
  <properties>
[...]
</properties>
  <testcase name="equalsIsReflexive" classname="com.example.FeetMeasurementTest" time="0.074"/>
  <testcase name="twoEqualFeetShouldBeEqual" classname="com.example.FeetMeasurementTest" time="0.005"/>
  <testcase name="twoDifferentFeetShouldNotBeEqual" classname="com.example.FeetMeasurementTest" time="0.006"/>
  <testcase name="equalsShouldReturnFalseForNull" classname="com.example.FeetMeasurementTest" time="0.002"/>
  <testcase name="equalsShouldReturnFalseForDifferentType" classname="com.example.FeetMeasurementTest" time="0.003"/>
</testsuite>